Reading FITS file FirstSet/Try/j92801ctq_flc.fits
Reading IMAGE extension: 4096x2048
Reading IMAGE extension: 4096x2048
Reading IMAGE extension: 4096x2048
Reading IMAGE extension: 4096x2048
Reading IMAGE extension: 4096x2048
Reading IMAGE extension: 4096x2048
Reading HDRLET extension: 8640
Reading HDRLET extension: 112320
Reading HDRLET extension: 112320
Reading HDRLET extension: 112320
Reading HDRLET extension: 112320
Reading HDRLET extension: 112320
Reading HDRLET extension: 112320
Reading HDRLET extension: 112320
Reading HDRLET extension: 112320
Reading BINTABLE extension: 455x14
Reading HDRLET extension: 112320
Reading HDRLET extension: 112320
Reading IMAGE extension: 64x32
Reading IMAGE extension: 64x32
Reading IMAGE extension: 64x32
Reading IMAGE extension: 64x32
Reading IMAGE extension: 64x32
Reading IMAGE extension: 64x32
Reading IMAGE extension: 64x32
Reading IMAGE extension: 64x32
0.738005 3.334364
0.754211 3.607113
Writing FITS file FirstSet/Try/j92801ctq_flc.fits
Writing IMAGE extension: 4096x2048
Writing IMAGE extension: 4096x2048
Reading FITS file FirstSet/Try/hst_10257_01_acs_wfc_f658n_j92801_drc.fits
Reading IMAGE extension: 6420x6416
Reading IMAGE extension: 6420x6416
Reading IMAGE extension: 6420x6416
Reading BINTABLE extension: 2542x8
Irregular size; assuming drizzled
nan nan
Writing FITS file FirstSet/Try/hst_10257_01_acs_wfc_f658n_j92801_drc.fits
Writing IMAGE extension: 6420x6416
Reading FITS file FirstSet/Try/j92801clq_flc.fits
Reading IMAGE extension: 4096x2048
Reading IMAGE extension: 4096x2048
Reading IMAGE extension: 4096x2048
Reading IMAGE extension: 4096x2048
Reading IMAGE extension: 4096x2048
Reading IMAGE extension: 4096x2048
Reading HDRLET extension: 8640
Reading HDRLET extension: 112320
Reading HDRLET extension: 112320
Reading HDRLET extension: 112320
Reading HDRLET extension: 112320
Reading HDRLET extension: 112320
Reading HDRLET extension: 112320
Reading HDRLET extension: 112320
Reading HDRLET extension: 112320
Reading BINTABLE extension: 455x14
Reading HDRLET extension: 112320
Reading HDRLET extension: 112320
Reading IMAGE extension: 64x32
Reading IMAGE extension: 64x32
Reading IMAGE extension: 64x32
Reading IMAGE extension: 64x32
Reading IMAGE extension: 64x32
Reading IMAGE extension: 64x32
Reading IMAGE extension: 64x32
Reading IMAGE extension: 64x32
0.745798 nan
0.746982 nan
Writing FITS file FirstSet/Try/j92801clq_flc.fits
Writing IMAGE extension: 4096x2048
Writing IMAGE extension: 4096x2048
Reading FITS file FirstSet/Try/j92802meq_flc.fits
Reading IMAGE extension: 4096x2048
Reading IMAGE extension: 4096x2048
Reading IMAGE extension: 4096x2048
Reading IMAGE extension: 4096x2048
Reading IMAGE extension: 4096x2048
Reading IMAGE extension: 4096x2048
Reading HDRLET extension: 8640
Reading HDRLET extension: 112320
Reading HDRLET extension: 112320
Reading HDRLET extension: 112320
Reading HDRLET extension: 112320
Reading HDRLET extension: 112320
Reading HDRLET extension: 112320
Reading HDRLET extension: 112320
Reading HDRLET extension: 112320
Reading BINTABLE extension: 455x14
Reading HDRLET extension: 112320
Reading HDRLET extension: 112320
Reading IMAGE extension: 64x32
Reading IMAGE extension: 64x32
Reading IMAGE extension: 64x32
Reading IMAGE extension: 64x32
Reading IMAGE extension: 64x32
Reading IMAGE extension: 64x32
Reading IMAGE extension: 64x32
Reading IMAGE extension: 64x32
0.931949 5.448793
0.963954 5.164046
Writing FITS file FirstSet/Try/j92802meq_flc.fits
Writing IMAGE extension: 4096x2048
Writing IMAGE extension: 4096x2048
Reading FITS file FirstSet/Try/j92801crq_flc.fits
Reading IMAGE extension: 4096x2048
Reading IMAGE extension: 4096x2048
Reading IMAGE extension: 4096x2048
Reading IMAGE extension: 4096x2048
Reading IMAGE extension: 4096x2048
Reading IMAGE extension: 4096x2048
Reading HDRLET extension: 8640
Reading HDRLET extension: 112320
Reading HDRLET extension: 112320
Reading HDRLET extension: 112320
Reading HDRLET extension: 112320
Reading HDRLET extension: 112320
Reading HDRLET extension: 112320
Reading HDRLET extension: 112320
Reading HDRLET extension: 112320
Reading BINTABLE extension: 455x14
Reading HDRLET extension: 112320
Reading HDRLET extension: 112320
Reading IMAGE extension: 64x32
Reading IMAGE extension: 64x32
Reading IMAGE extension: 64x32
Reading IMAGE extension: 64x32
Reading IMAGE extension: 64x32
Reading IMAGE extension: 64x32
Reading IMAGE extension: 64x32
Reading IMAGE extension: 64x32
0.740955 3.393369
0.748719 3.545332
Writing FITS file FirstSet/Try/j92801crq_flc.fits
Writing IMAGE extension: 4096x2048
Writing IMAGE extension: 4096x2048
Reading FITS file FirstSet/Try/hst_10257_01_acs_wfc_f625w_j92801_drc.fits
Reading IMAGE extension: 6420x6416
Reading IMAGE extension: 6420x6416
Reading IMAGE extension: 6420x6416
Reading BINTABLE extension: 2542x4
Irregular size; assuming drizzled
nan nan
Writing FITS file FirstSet/Try/hst_10257_01_acs_wfc_f625w_j92801_drc.fits
Writing IMAGE extension: 6420x6416
Reading FITS file FirstSet/Try/j92801ckq_flc.fits
Reading IMAGE extension: 4096x2048
Reading IMAGE extension: 4096x2048
Reading IMAGE extension: 4096x2048
Reading IMAGE extension: 4096x2048
Reading IMAGE extension: 4096x2048
Reading IMAGE extension: 4096x2048
Reading HDRLET extension: 8640
Reading HDRLET extension: 112320
Reading HDRLET extension: 112320
Reading HDRLET extension: 112320
Reading HDRLET extension: 112320
Reading HDRLET extension: 112320
Reading HDRLET extension: 112320
Reading HDRLET extension: 112320
Reading HDRLET extension: 112320
Reading HDRLET extension: 112320
Reading BINTABLE extension: 455x14
Reading HDRLET extension: 112320
Reading HDRLET extension: 112320
Reading IMAGE extension: 64x32
Reading IMAGE extension: 64x32
Reading IMAGE extension: 64x32
Reading IMAGE extension: 64x32
Reading IMAGE extension: 64x32
Reading IMAGE extension: 64x32
Reading IMAGE extension: 64x32
Reading IMAGE extension: 64x32
0.975777 5.412670
0.971778 5.232453
Writing FITS file FirstSet/Try/j92801ckq_flc.fits
Writing IMAGE extension: 4096x2048
Writing IMAGE extension: 4096x2048
Reading FITS file FirstSet/Try/j92801cnq_flc.fits
Reading IMAGE extension: 4096x2048
Reading IMAGE extension: 4096x2048
Reading IMAGE extension: 4096x2048
Reading IMAGE extension: 4096x2048
Reading IMAGE extension: 4096x2048
Reading IMAGE extension: 4096x2048
Reading HDRLET extension: 8640
Reading HDRLET extension: 112320
Reading HDRLET extension: 112320
Reading HDRLET extension: 112320
Reading HDRLET extension: 112320
Reading HDRLET extension: 112320
Reading HDRLET extension: 112320
Reading HDRLET extension: 112320
Reading HDRLET extension: 112320
Reading HDRLET extension: 112320
Reading BINTABLE extension: 455x14
Reading HDRLET extension: 112320
Reading HDRLET extension: 112320
Reading IMAGE extension: 64x32
Reading IMAGE extension: 64x32
Reading IMAGE extension: 64x32
Reading IMAGE extension: 64x32
Reading IMAGE extension: 64x32
Reading IMAGE extension: 64x32
Reading IMAGE extension: 64x32
Reading IMAGE extension: 64x32
0.734882 3.381930
0.751608 3.522065
Writing FITS file FirstSet/Try/j92801cnq_flc.fits
Writing IMAGE extension: 4096x2048
Writing IMAGE extension: 4096x2048
Reading FITS file FirstSet/Try/j92801cpq_flc.fits
Reading IMAGE extension: 4096x2048
Reading IMAGE extension: 4096x2048
Reading IMAGE extension: 4096x2048
Reading IMAGE extension: 4096x2048
Reading IMAGE extension: 4096x2048
Reading IMAGE extension: 4096x2048
Reading HDRLET extension: 8640
Reading HDRLET extension: 112320
Reading HDRLET extension: 112320
Reading HDRLET extension: 112320
Reading HDRLET extension: 112320
Reading HDRLET extension: 112320
Reading HDRLET extension: 112320
Reading HDRLET extension: 112320
Reading HDRLET extension: 112320
Reading HDRLET extension: 112320
Reading BINTABLE extension: 455x14
Reading HDRLET extension: 112320
Reading HDRLET extension: 112320
Reading IMAGE extension: 64x32
Reading IMAGE extension: 64x32
Reading IMAGE extension: 64x32
Reading IMAGE extension: 64x32
Reading IMAGE extension: 64x32
Reading IMAGE extension: 64x32
Reading IMAGE extension: 64x32
Reading IMAGE extension: 64x32
0.741869 3.444903
0.749789 3.517748
Writing FITS file FirstSet/Try/j92801cpq_flc.fits
Writing IMAGE extension: 4096x2048
Writing IMAGE extension: 4096x2048
Reading FITS file FirstSet/Try/j92802mfq_flc.fits
Reading IMAGE extension: 4096x2048
Reading IMAGE extension: 4096x2048
Reading IMAGE extension: 4096x2048
Reading IMAGE extension: 4096x2048
Reading IMAGE extension: 4096x2048
Reading IMAGE extension: 4096x2048
Reading HDRLET extension: 8640
Reading HDRLET extension: 112320
Reading HDRLET extension: 112320
Reading HDRLET extension: 112320
Reading HDRLET extension: 112320
Reading HDRLET extension: 112320
Reading HDRLET extension: 112320
Reading HDRLET extension: 112320
Reading HDRLET extension: 112320
Reading HDRLET extension: 112320
Reading BINTABLE extension: 455x14
Reading HDRLET extension: 112320
Reading HDRLET extension: 112320
Reading IMAGE extension: 64x32
Reading IMAGE extension: 64x32
Reading IMAGE extension: 64x32
Reading IMAGE extension: 64x32
Reading IMAGE extension: 64x32
Reading IMAGE extension: 64x32
Reading IMAGE extension: 64x32
Reading IMAGE extension: 64x32
0.712142 nan
0.746555 nan
Writing FITS file FirstSet/Try/j92802mfq_flc.fits
Writing IMAGE extension: 4096x2048
Writing IMAGE extension: 4096x2048
Reading FITS file FirstSet/Try/hst_10257_02_acs_wfc_f435w_j92802_drc.fits
Reading IMAGE extension: 6103x6081
Reading IMAGE extension: 6103x6081
Reading IMAGE extension: 6103x6081
Reading BINTABLE extension: 2542x4
Irregular size; assuming drizzled
nan nan
Writing FITS file FirstSet/Try/hst_10257_02_acs_wfc_f435w_j92802_drc.fits
Writing IMAGE extension: 6103x6081
